<?xml version="1.0" encoding="UTF-8"?>
<!-- Generated by org.testng.reporters.JUnitReportReporter -->
<testsuite skipped="0" hostname="Ahmed-PC" name="tests.AddingToCartTest" tests="1" failures="0" timestamp="2020-08-11T02:21:51 EET" time="27.545" errors="0">
  <testcase name="AddElementToCart" time="27.545" classname="tests.AddingToCartTest"/>
  <system-out/>
</testsuite> <!-- tests.AddingToCartTest -->
