<?xml version="1.0" encoding="UTF-8"?>
<!-- Generated by org.testng.reporters.JUnitReportReporter -->
<testsuite skipped="0" hostname="Ahmed-PC" name="tests.UserLoginTest" tests="1" failures="0" timestamp="2020-08-11T01:05:56 EET" time="12.596" errors="0">
  <testcase name="UserLoginSuccessully" time="12.596" classname="tests.UserLoginTest"/>
  <system-out/>
</testsuite> <!-- tests.UserLoginTest -->
